# JRE version: OpenJDK Runtime Environment (7.0_181-b01) (build 1.7.0_181-b01)
# Java VM: OpenJDK 64-Bit Server VM (24.181-b01 mixed mode bsd-amd64 compressed oops)
Heap
 PSYoungGen      total 274944K, used 164857K [0x00000007eaa80000, 0x0000000800000000, 0x0000000800000000)
  eden space 264192K, 58% used [0x00000007eaa80000,0x00000007f4105418,0x00000007fac80000)
  from space 10752K, 99% used [0x00000007fac80000,0x00000007fb6f9040,0x00000007fb700000)
  to   space 35840K, 0% used [0x00000007fdd00000,0x00000007fdd00000,0x0000000800000000)
 ParOldGen       total 174592K, used 40855K [0x00000007c0000000, 0x00000007caa80000, 0x00000007eaa80000)
  object space 174592K, 23% used [0x00000007c0000000,0x00000007c27e5c00,0x00000007caa80000)
 PSPermGen       total 45056K, used 44772K [0x00000007b0000000, 0x00000007b2c00000, 0x00000007c0000000)
  object space 45056K, 99% used [0x00000007b0000000,0x00000007b2bb9098,0x00000007b2c00000)
GC Heap History (10 events):
Event: 0.789 GC heap before
{Heap before GC invocations=1 (full 0):
 PSYoungGen      total 76800K, used 66048K [0x00000007eaa80000, 0x00000007f0000000, 0x0000000800000000)
  eden space 66048K, 100% used [0x00000007eaa80000,0x00000007eeb00000,0x00000007eeb00000)
  from space 10752K, 0% used [0x00000007ef580000,0x00000007ef580000,0x00000007f0000000)
  to   space 10752K, 0% used [0x00000007eeb00000,0x00000007eeb00000,0x00000007ef580000)
 ParOldGen       total 174592K, used 0K [0x00000007c0000000, 0x00000007caa80000, 0x00000007eaa80000)
  object space 174592K, 0% used [0x00000007c0000000,0x00000007c0000000,0x00000007caa80000)
 PSPermGen       total 21504K, used 10775K [0x00000007b0000000, 0x00000007b1500000, 0x00000007c0000000)
  object space 21504K, 50% used [0x00000007b0000000,0x00000007b0a85d70,0x00000007b1500000)
Event: 0.799 GC heap after
Heap after GC invocations=1 (full 0):
 PSYoungGen      total 76800K, used 7131K [0x00000007eaa80000, 0x00000007f4080000, 0x0000000800000000)
  eden space 66048K, 0% used [0x00000007eaa80000,0x00000007eaa80000,0x00000007eeb00000)
  from space 10752K, 66% used [0x00000007eeb00000,0x00000007ef1f6cf0,0x00000007ef580000)
  to   space 10752K, 0% used [0x00000007f3600000,0x00000007f3600000,0x00000007f4080000)
 ParOldGen       total 174592K, used 8K [0x00000007c0000000, 0x00000007caa80000, 0x00000007eaa80000)
  object space 174592K, 0% used [0x00000007c0000000,0x00000007c0002000,0x00000007caa80000)
 PSPermGen       total 21504K, used 10775K [0x00000007b0000000, 0x00000007b1500000, 0x00000007c0000000)
  object space 21504K, 50% used [0x00000007b0000000,0x00000007b0a85d70,0x00000007b1500000)
}
Event: 1.517 GC heap before
{Heap before GC invocations=2 (full 0):
 PSYoungGen      total 76800K, used 73179K [0x00000007eaa80000, 0x00000007f4080000, 0x0000000800000000)
  eden space 66048K, 100% used [0x00000007eaa80000,0x00000007eeb00000,0x00000007eeb00000)
  from space 10752K, 66% used [0x00000007eeb00000,0x00000007ef1f6cf0,0x00000007ef580000)
  to   space 10752K, 0% used [0x00000007f3600000,0x00000007f3600000,0x00000007f4080000)
 ParOldGen       total 174592K, used 8K [0x00000007c0000000, 0x00000007caa80000, 0x00000007eaa80000)
  object space 174592K, 0% used [0x00000007c0000000,0x00000007c0002000,0x00000007caa80000)
 PSPermGen       total 21504K, used 20009K [0x00000007b0000000, 0x00000007b1500000, 0x00000007c0000000)
  object space 21504K, 93% used [0x00000007b0000000,0x00000007b138a488,0x00000007b1500000)
Event: 1.532 GC heap after
Heap after GC invocations=2 (full 0):
 PSYoungGen      total 142848K, used 10743K [0x00000007eaa80000, 0x00000007f4080000, 0x0000000800000000)
  eden space 132096K, 0% used [0x00000007eaa80000,0x00000007eaa80000,0x00000007f2b80000)
  from space 10752K, 99% used [0x00000007f3600000,0x00000007f407dcf0,0x00000007f4080000)
  to   space 10752K, 0% used [0x00000007f2b80000,0x00000007f2b80000,0x00000007f3600000)
 ParOldGen       total 174592K, used 1402K [0x00000007c0000000, 0x00000007caa80000, 0x00000007eaa80000)
  object space 174592K, 0% used [0x00000007c0000000,0x00000007c015e8a0,0x00000007caa80000)
 PSPermGen       total 21504K, used 20009K [0x00000007b0000000, 0x00000007b1500000, 0x00000007c0000000)
  object space 21504K, 93% used [0x00000007b0000000,0x00000007b138a488,0x00000007b1500000)
}
Event: 2.863 GC heap before
{Heap before GC invocations=3 (full 0):
 PSYoungGen      total 142848K, used 142839K [0x00000007eaa80000, 0x00000007f4080000, 0x0000000800000000)
  eden space 132096K, 100% used [0x00000007eaa80000,0x00000007f2b80000,0x00000007f2b80000)
  from space 10752K, 99% used [0x00000007f3600000,0x00000007f407dcf0,0x00000007f4080000)
  to   space 10752K, 0% used [0x00000007f2b80000,0x00000007f2b80000,0x00000007f3600000)
 ParOldGen       total 174592K, used 1402K [0x00000007c0000000, 0x00000007caa80000, 0x00000007eaa80000)
  object space 174592K, 0% used [0x00000007c0000000,0x00000007c015e8a0,0x00000007caa80000)
 PSPermGen       total 29184K, used 29049K [0x00000007b0000000, 0x00000007b1c80000, 0x00000007c0000000)
  object space 29184K, 99% used [0x00000007b0000000,0x00000007b1c5e548,0x00000007b1c80000)
Event: 2.885 GC heap after
Heap after GC invocations=3 (full 0):
 PSYoungGen      total 142848K, used 10740K [0x00000007eaa80000, 0x00000007fc180000, 0x0000000800000000)
  eden space 132096K, 0% used [0x00000007eaa80000,0x00000007eaa80000,0x00000007f2b80000)
  from space 10752K, 99% used [0x00000007f2b80000,0x00000007f35fd050,0x00000007f3600000)
  to   space 10752K, 0% used [0x00000007fb700000,0x00000007fb700000,0x00000007fc180000)
 ParOldGen       total 174592K, used 8834K [0x00000007c0000000, 0x00000007caa80000, 0x00000007eaa80000)
  object space 174592K, 5% used [0x00000007c0000000,0x00000007c08a0a88,0x00000007caa80000)
 PSPermGen       total 29184K, used 29049K [0x00000007b0000000, 0x00000007b1c80000, 0x00000007c0000000)
  object space 29184K, 99% used [0x00000007b0000000,0x00000007b1c5e548,0x00000007b1c80000)
}
Event: 3.922 GC heap before
{Heap before GC invocations=4 (full 0):
 PSYoungGen      total 142848K, used 142836K [0x00000007eaa80000, 0x00000007fc180000, 0x0000000800000000)
  eden space 132096K, 100% used [0x00000007eaa80000,0x00000007f2b80000,0x00000007f2b80000)
  from space 10752K, 99% used [0x00000007f2b80000,0x00000007f35fd050,0x00000007f3600000)
  to   space 10752K, 0% used [0x00000007fb700000,0x00000007fb700000,0x00000007fc180000)
 ParOldGen       total 174592K, used 8834K [0x00000007c0000000, 0x00000007caa80000, 0x00000007eaa80000)
  object space 174592K, 5% used [0x00000007c0000000,0x00000007c08a0a88,0x00000007caa80000)
 PSPermGen       total 33792K, used 33664K [0x00000007b0000000, 0x00000007b2100000, 0x00000007c0000000)
  object space 33792K, 99% used [0x00000007b0000000,0x00000007b20e0290,0x00000007b2100000)
Event: 3.950 GC heap after
Heap after GC invocations=4 (full 0):
 PSYoungGen      total 274944K, used 10724K [0x00000007eaa80000, 0x00000007fc180000, 0x0000000800000000)
  eden space 264192K, 0% used [0x00000007eaa80000,0x00000007eaa80000,0x00000007fac80000)
  from space 10752K, 99% used [0x00000007fb700000,0x00000007fc179280,0x00000007fc180000)
  to   space 10752K, 0% used [0x00000007fac80000,0x00000007fac80000,0x00000007fb700000)
 ParOldGen       total 174592K, used 19263K [0x00000007c0000000, 0x00000007caa80000, 0x00000007eaa80000)
  object space 174592K, 11% used [0x00000007c0000000,0x00000007c12cff08,0x00000007caa80000)
 PSPermGen       total 33792K, used 33664K [0x00000007b0000000, 0x00000007b2100000, 0x00000007c0000000)
  object space 33792K, 99% used [0x00000007b0000000,0x00000007b20e0290,0x00000007b2100000)
}
Event: 27.850 GC heap before
{Heap before GC invocations=5 (full 0):
 PSYoungGen      total 274944K, used 274916K [0x00000007eaa80000, 0x00000007fc180000, 0x0000000800000000)
  eden space 264192K, 100% used [0x00000007eaa80000,0x00000007fac80000,0x00000007fac80000)
  from space 10752K, 99% used [0x00000007fb700000,0x00000007fc179280,0x00000007fc180000)
  to   space 10752K, 0% used [0x00000007fac80000,0x00000007fac80000,0x00000007fb700000)
 ParOldGen       total 174592K, used 19263K [0x00000007c0000000, 0x00000007caa80000, 0x00000007eaa80000)
  object space 174592K, 11% used [0x00000007c0000000,0x00000007c12cff08,0x00000007caa80000)
 PSPermGen       total 44032K, used 43780K [0x00000007b0000000, 0x00000007b2b00000, 0x00000007c0000000)
  object space 44032K, 99% used [0x00000007b0000000,0x00000007b2ac10c8,0x00000007b2b00000)
Event: 27.890 GC heap after
Heap after GC invocations=5 (full 0):
 PSYoungGen      total 274944K, used 10724K [0x00000007eaa80000, 0x0000000800000000, 0x0000000800000000)
  eden space 264192K, 0% used [0x00000007eaa80000,0x00000007eaa80000,0x00000007fac80000)
  from space 10752K, 99% used [0x00000007fac80000,0x00000007fb6f9040,0x00000007fb700000)
  to   space 35840K, 0% used [0x00000007fdd00000,0x00000007fdd00000,0x0000000800000000)
 ParOldGen       total 174592K, used 40855K [0x00000007c0000000, 0x00000007caa80000, 0x00000007eaa80000)
  object space 174592K, 23% used [0x00000007c0000000,0x00000007c27e5c00,0x00000007caa80000)
 PSPermGen       total 44032K, used 43780K [0x00000007b0000000, 0x00000007b2b00000, 0x00000007c0000000)
  object space 44032K, 99% used [0x00000007b0000000,0x00000007b2ac10c8,0x00000007b2b00000)
}

