# JRE version: OpenJDK Runtime Environment (7.0_181-b01) (build 1.7.0_181-b01)
# Java VM: OpenJDK 64-Bit Server VM (24.181-b01 mixed mode bsd-amd64 compressed oops)
Heap
 PSYoungGen      total 275456K, used 25173K [0x00000007eaa80000, 0x00000007ff380000, 0x0000000800000000)
  eden space 253952K, 1% used [0x00000007eaa80000,0x00000007eae929d8,0x00000007fa280000)
  from space 21504K, 97% used [0x00000007fde80000,0x00000007ff302bd8,0x00000007ff380000)
  to   space 33280K, 0% used [0x00000007fb280000,0x00000007fb280000,0x00000007fd300000)
 ParOldGen       total 174592K, used 38739K [0x00000007c0000000, 0x00000007caa80000, 0x00000007eaa80000)
  object space 174592K, 22% used [0x00000007c0000000,0x00000007c25d4f18,0x00000007caa80000)
 PSPermGen       total 43008K, used 42952K [0x00000007b0000000, 0x00000007b2a00000, 0x00000007c0000000)
  object space 43008K, 99% used [0x00000007b0000000,0x00000007b29f22c8,0x00000007b2a00000)
GC Heap History (10 events):
Event: 1.732 GC heap before
{Heap before GC invocations=2 (full 0):
 PSYoungGen      total 76800K, used 73227K [0x00000007eaa80000, 0x00000007f4080000, 0x0000000800000000)
  eden space 66048K, 100% used [0x00000007eaa80000,0x00000007eeb00000,0x00000007eeb00000)
  from space 10752K, 66% used [0x00000007eeb00000,0x00000007ef202ce0,0x00000007ef580000)
  to   space 10752K, 0% used [0x00000007f3600000,0x00000007f3600000,0x00000007f4080000)
 ParOldGen       total 174592K, used 8K [0x00000007c0000000, 0x00000007caa80000, 0x00000007eaa80000)
  object space 174592K, 0% used [0x00000007c0000000,0x00000007c0002000,0x00000007caa80000)
 PSPermGen       total 21504K, used 20115K [0x00000007b0000000, 0x00000007b1500000, 0x00000007c0000000)
  object space 21504K, 93% used [0x00000007b0000000,0x00000007b13a4ff0,0x00000007b1500000)
Event: 1.747 GC heap after
Heap after GC invocations=2 (full 0):
 PSYoungGen      total 142848K, used 10731K [0x00000007eaa80000, 0x00000007f4080000, 0x0000000800000000)
  eden space 132096K, 0% used [0x00000007eaa80000,0x00000007eaa80000,0x00000007f2b80000)
  from space 10752K, 99% used [0x00000007f3600000,0x00000007f407ac08,0x00000007f4080000)
  to   space 10752K, 0% used [0x00000007f2b80000,0x00000007f2b80000,0x00000007f3600000)
 ParOldGen       total 174592K, used 1584K [0x00000007c0000000, 0x00000007caa80000, 0x00000007eaa80000)
  object space 174592K, 0% used [0x00000007c0000000,0x00000007c018c3c8,0x00000007caa80000)
 PSPermGen       total 21504K, used 20115K [0x00000007b0000000, 0x00000007b1500000, 0x00000007c0000000)
  object space 21504K, 93% used [0x00000007b0000000,0x00000007b13a4ff0,0x00000007b1500000)
}
Event: 3.341 GC heap before
{Heap before GC invocations=3 (full 0):
 PSYoungGen      total 142848K, used 142827K [0x00000007eaa80000, 0x00000007f4080000, 0x0000000800000000)
  eden space 132096K, 100% used [0x00000007eaa80000,0x00000007f2b80000,0x00000007f2b80000)
  from space 10752K, 99% used [0x00000007f3600000,0x00000007f407ac08,0x00000007f4080000)
  to   space 10752K, 0% used [0x00000007f2b80000,0x00000007f2b80000,0x00000007f3600000)
 ParOldGen       total 174592K, used 1584K [0x00000007c0000000, 0x00000007caa80000, 0x00000007eaa80000)
  object space 174592K, 0% used [0x00000007c0000000,0x00000007c018c3c8,0x00000007caa80000)
 PSPermGen       total 29696K, used 29201K [0x00000007b0000000, 0x00000007b1d00000, 0x00000007c0000000)
  object space 29696K, 98% used [0x00000007b0000000,0x00000007b1c84438,0x00000007b1d00000)
Event: 3.372 GC heap after
Heap after GC invocations=3 (full 0):
 PSYoungGen      total 142848K, used 10724K [0x00000007eaa80000, 0x00000007fc180000, 0x0000000800000000)
  eden space 132096K, 0% used [0x00000007eaa80000,0x00000007eaa80000,0x00000007f2b80000)
  from space 10752K, 99% used [0x00000007f2b80000,0x00000007f35f9020,0x00000007f3600000)
  to   space 10752K, 0% used [0x00000007fb700000,0x00000007fb700000,0x00000007fc180000)
 ParOldGen       total 174592K, used 9118K [0x00000007c0000000, 0x00000007caa80000, 0x00000007eaa80000)
  object space 174592K, 5% used [0x00000007c0000000,0x00000007c08e78f0,0x00000007caa80000)
 PSPermGen       total 29696K, used 29201K [0x00000007b0000000, 0x00000007b1d00000, 0x00000007c0000000)
  object space 29696K, 98% used [0x00000007b0000000,0x00000007b1c84438,0x00000007b1d00000)
}
Event: 4.490 GC heap before
{Heap before GC invocations=4 (full 0):
 PSYoungGen      total 142848K, used 142820K [0x00000007eaa80000, 0x00000007fc180000, 0x0000000800000000)
  eden space 132096K, 100% used [0x00000007eaa80000,0x00000007f2b80000,0x00000007f2b80000)
  from space 10752K, 99% used [0x00000007f2b80000,0x00000007f35f9020,0x00000007f3600000)
  to   space 10752K, 0% used [0x00000007fb700000,0x00000007fb700000,0x00000007fc180000)
 ParOldGen       total 174592K, used 9118K [0x00000007c0000000, 0x00000007caa80000, 0x00000007eaa80000)
  object space 174592K, 5% used [0x00000007c0000000,0x00000007c08e78f0,0x00000007caa80000)
 PSPermGen       total 33792K, used 33676K [0x00000007b0000000, 0x00000007b2100000, 0x00000007c0000000)
  object space 33792K, 99% used [0x00000007b0000000,0x00000007b20e3340,0x00000007b2100000)
Event: 4.510 GC heap after
Heap after GC invocations=4 (full 0):
 PSYoungGen      total 274944K, used 10724K [0x00000007eaa80000, 0x00000007fc180000, 0x0000000800000000)
  eden space 264192K, 0% used [0x00000007eaa80000,0x00000007eaa80000,0x00000007fac80000)
  from space 10752K, 99% used [0x00000007fb700000,0x00000007fc1792c0,0x00000007fc180000)
  to   space 10752K, 0% used [0x00000007fac80000,0x00000007fac80000,0x00000007fb700000)
 ParOldGen       total 174592K, used 19619K [0x00000007c0000000, 0x00000007caa80000, 0x00000007eaa80000)
  object space 174592K, 11% used [0x00000007c0000000,0x00000007c1328f18,0x00000007caa80000)
 PSPermGen       total 33792K, used 33676K [0x00000007b0000000, 0x00000007b2100000, 0x00000007c0000000)
  object space 33792K, 99% used [0x00000007b0000000,0x00000007b20e3340,0x00000007b2100000)
}
Event: 34.841 GC heap before
{Heap before GC invocations=5 (full 0):
 PSYoungGen      total 274944K, used 274916K [0x00000007eaa80000, 0x00000007fc180000, 0x0000000800000000)
  eden space 264192K, 100% used [0x00000007eaa80000,0x00000007fac80000,0x00000007fac80000)
  from space 10752K, 99% used [0x00000007fb700000,0x00000007fc1792c0,0x00000007fc180000)
  to   space 10752K, 0% used [0x00000007fac80000,0x00000007fac80000,0x00000007fb700000)
 ParOldGen       total 174592K, used 19619K [0x00000007c0000000, 0x00000007caa80000, 0x00000007eaa80000)
  object space 174592K, 11% used [0x00000007c0000000,0x00000007c1328f18,0x00000007caa80000)
 PSPermGen       total 39424K, used 39186K [0x00000007b0000000, 0x00000007b2680000, 0x00000007c0000000)
  object space 39424K, 99% used [0x00000007b0000000,0x00000007b2644a70,0x00000007b2680000)
Event: 34.874 GC heap after
Heap after GC invocations=5 (full 0):
 PSYoungGen      total 274944K, used 10736K [0x00000007eaa80000, 0x0000000800000000, 0x0000000800000000)
  eden space 264192K, 0% used [0x00000007eaa80000,0x00000007eaa80000,0x00000007fac80000)
  from space 10752K, 99% used [0x00000007fac80000,0x00000007fb6fc010,0x00000007fb700000)
  to   space 34304K, 0% used [0x00000007fde80000,0x00000007fde80000,0x0000000800000000)
 ParOldGen       total 174592K, used 38731K [0x00000007c0000000, 0x00000007caa80000, 0x00000007eaa80000)
  object space 174592K, 22% used [0x00000007c0000000,0x00000007c25d2f18,0x00000007caa80000)
 PSPermGen       total 39424K, used 39186K [0x00000007b0000000, 0x00000007b2680000, 0x00000007c0000000)
  object space 39424K, 99% used [0x00000007b0000000,0x00000007b2644a70,0x00000007b2680000)
}
Event: 113.112 GC heap before
{Heap before GC invocations=6 (full 0):
 PSYoungGen      total 274944K, used 274928K [0x00000007eaa80000, 0x0000000800000000, 0x0000000800000000)
  eden space 264192K, 100% used [0x00000007eaa80000,0x00000007fac80000,0x00000007fac80000)
  from space 10752K, 99% used [0x00000007fac80000,0x00000007fb6fc010,0x00000007fb700000)
  to   space 34304K, 0% used [0x00000007fde80000,0x00000007fde80000,0x0000000800000000)
 ParOldGen       total 174592K, used 38731K [0x00000007c0000000, 0x00000007caa80000, 0x00000007eaa80000)
  object space 174592K, 22% used [0x00000007c0000000,0x00000007c25d2f18,0x00000007caa80000)
 PSPermGen       total 43008K, used 42950K [0x00000007b0000000, 0x00000007b2a00000, 0x00000007c0000000)
  object space 43008K, 99% used [0x00000007b0000000,0x00000007b29f1808,0x00000007b2a00000)
Event: 113.143 GC heap after
Heap after GC invocations=6 (full 0):
 PSYoungGen      total 275456K, used 21002K [0x00000007eaa80000, 0x00000007ff380000, 0x0000000800000000)
  eden space 253952K, 0% used [0x00000007eaa80000,0x00000007eaa80000,0x00000007fa280000)
  from space 21504K, 97% used [0x00000007fde80000,0x00000007ff302bd8,0x00000007ff380000)
  to   space 33280K, 0% used [0x00000007fb280000,0x00000007fb280000,0x00000007fd300000)
 ParOldGen       total 174592K, used 38739K [0x00000007c0000000, 0x00000007caa80000, 0x00000007eaa80000)
  object space 174592K, 22% used [0x00000007c0000000,0x00000007c25d4f18,0x00000007caa80000)
 PSPermGen       total 43008K, used 42950K [0x00000007b0000000, 0x00000007b2a00000, 0x00000007c0000000)
  object space 43008K, 99% used [0x00000007b0000000,0x00000007b29f1808,0x00000007b2a00000)
}

