# JRE version: OpenJDK Runtime Environment (7.0_181-b01) (build 1.7.0_181-b01)
# Java VM: OpenJDK 64-Bit Server VM (24.181-b01 mixed mode bsd-amd64 compressed oops)
Heap
 PSYoungGen      total 270336K, used 212249K [0x00000007eaa80000, 0x00000007ff180000, 0x0000000800000000)
  eden space 253952K, 77% used [0x00000007eaa80000,0x00000007f69f66b0,0x00000007fa280000)
  from space 16384K, 98% used [0x00000007fe180000,0x00000007ff150000,0x00000007ff180000)
  to   space 29184K, 0% used [0x00000007fb880000,0x00000007fb880000,0x00000007fd500000)
 ParOldGen       total 174592K, used 34481K [0x00000007c0000000, 0x00000007caa80000, 0x00000007eaa80000)
  object space 174592K, 19% used [0x00000007c0000000,0x00000007c21ac7e8,0x00000007caa80000)
 PSPermGen       total 39936K, used 39609K [0x00000007b0000000, 0x00000007b2700000, 0x00000007c0000000)
  object space 39936K, 99% used [0x00000007b0000000,0x00000007b26ae758,0x00000007b2700000)
GC Heap History (10 events):
Event: 1.831 GC heap before
{Heap before GC invocations=2 (full 0):
 PSYoungGen      total 76800K, used 73211K [0x00000007eaa80000, 0x00000007f4080000, 0x0000000800000000)
  eden space 66048K, 100% used [0x00000007eaa80000,0x00000007eeb00000,0x00000007eeb00000)
  from space 10752K, 66% used [0x00000007eeb00000,0x00000007ef1fecd0,0x00000007ef580000)
  to   space 10752K, 0% used [0x00000007f3600000,0x00000007f3600000,0x00000007f4080000)
 ParOldGen       total 174592K, used 8K [0x00000007c0000000, 0x00000007caa80000, 0x00000007eaa80000)
  object space 174592K, 0% used [0x00000007c0000000,0x00000007c0002000,0x00000007caa80000)
 PSPermGen       total 21504K, used 20122K [0x00000007b0000000, 0x00000007b1500000, 0x00000007c0000000)
  object space 21504K, 93% used [0x00000007b0000000,0x00000007b13a6870,0x00000007b1500000)
Event: 1.848 GC heap after
Heap after GC invocations=2 (full 0):
 PSYoungGen      total 142848K, used 10725K [0x00000007eaa80000, 0x00000007f4080000, 0x0000000800000000)
  eden space 132096K, 0% used [0x00000007eaa80000,0x00000007eaa80000,0x00000007f2b80000)
  from space 10752K, 99% used [0x00000007f3600000,0x00000007f40795d0,0x00000007f4080000)
  to   space 10752K, 0% used [0x00000007f2b80000,0x00000007f2b80000,0x00000007f3600000)
 ParOldGen       total 174592K, used 1577K [0x00000007c0000000, 0x00000007caa80000, 0x00000007eaa80000)
  object space 174592K, 0% used [0x00000007c0000000,0x00000007c018a4a0,0x00000007caa80000)
 PSPermGen       total 21504K, used 20122K [0x00000007b0000000, 0x00000007b1500000, 0x00000007c0000000)
  object space 21504K, 93% used [0x00000007b0000000,0x00000007b13a6870,0x00000007b1500000)
}
Event: 5.346 GC heap before
{Heap before GC invocations=3 (full 0):
 PSYoungGen      total 142848K, used 142821K [0x00000007eaa80000, 0x00000007f4080000, 0x0000000800000000)
  eden space 132096K, 100% used [0x00000007eaa80000,0x00000007f2b80000,0x00000007f2b80000)
  from space 10752K, 99% used [0x00000007f3600000,0x00000007f40795d0,0x00000007f4080000)
  to   space 10752K, 0% used [0x00000007f2b80000,0x00000007f2b80000,0x00000007f3600000)
 ParOldGen       total 174592K, used 1577K [0x00000007c0000000, 0x00000007caa80000, 0x00000007eaa80000)
  object space 174592K, 0% used [0x00000007c0000000,0x00000007c018a4a0,0x00000007caa80000)
 PSPermGen       total 29184K, used 29110K [0x00000007b0000000, 0x00000007b1c80000, 0x00000007c0000000)
  object space 29184K, 99% used [0x00000007b0000000,0x00000007b1c6da20,0x00000007b1c80000)
Event: 5.369 GC heap after
Heap after GC invocations=3 (full 0):
 PSYoungGen      total 142848K, used 10736K [0x00000007eaa80000, 0x00000007fc180000, 0x0000000800000000)
  eden space 132096K, 0% used [0x00000007eaa80000,0x00000007eaa80000,0x00000007f2b80000)
  from space 10752K, 99% used [0x00000007f2b80000,0x00000007f35fc010,0x00000007f3600000)
  to   space 10752K, 0% used [0x00000007fb700000,0x00000007fb700000,0x00000007fc180000)
 ParOldGen       total 174592K, used 8964K [0x00000007c0000000, 0x00000007caa80000, 0x00000007eaa80000)
  object space 174592K, 5% used [0x00000007c0000000,0x00000007c08c11a0,0x00000007caa80000)
 PSPermGen       total 29184K, used 29110K [0x00000007b0000000, 0x00000007b1c80000, 0x00000007c0000000)
  object space 29184K, 99% used [0x00000007b0000000,0x00000007b1c6da20,0x00000007b1c80000)
}
Event: 6.564 GC heap before
{Heap before GC invocations=4 (full 0):
 PSYoungGen      total 142848K, used 142832K [0x00000007eaa80000, 0x00000007fc180000, 0x0000000800000000)
  eden space 132096K, 100% used [0x00000007eaa80000,0x00000007f2b80000,0x00000007f2b80000)
  from space 10752K, 99% used [0x00000007f2b80000,0x00000007f35fc010,0x00000007f3600000)
  to   space 10752K, 0% used [0x00000007fb700000,0x00000007fb700000,0x00000007fc180000)
 ParOldGen       total 174592K, used 8964K [0x00000007c0000000, 0x00000007caa80000, 0x00000007eaa80000)
  object space 174592K, 5% used [0x00000007c0000000,0x00000007c08c11a0,0x00000007caa80000)
 PSPermGen       total 33792K, used 33669K [0x00000007b0000000, 0x00000007b2100000, 0x00000007c0000000)
  object space 33792K, 99% used [0x00000007b0000000,0x00000007b20e17b0,0x00000007b2100000)
Event: 6.599 GC heap after
Heap after GC invocations=4 (full 0):
 PSYoungGen      total 274944K, used 10740K [0x00000007eaa80000, 0x00000007fc180000, 0x0000000800000000)
  eden space 264192K, 0% used [0x00000007eaa80000,0x00000007eaa80000,0x00000007fac80000)
  from space 10752K, 99% used [0x00000007fb700000,0x00000007fc17d010,0x00000007fc180000)
  to   space 10752K, 0% used [0x00000007fac80000,0x00000007fac80000,0x00000007fb700000)
 ParOldGen       total 174592K, used 19507K [0x00000007c0000000, 0x00000007caa80000, 0x00000007eaa80000)
  object space 174592K, 11% used [0x00000007c0000000,0x00000007c130cc98,0x00000007caa80000)
 PSPermGen       total 33792K, used 33669K [0x00000007b0000000, 0x00000007b2100000, 0x00000007c0000000)
  object space 33792K, 99% used [0x00000007b0000000,0x00000007b20e17b0,0x00000007b2100000)
}
Event: 70.323 GC heap before
{Heap before GC invocations=5 (full 0):
 PSYoungGen      total 274944K, used 274932K [0x00000007eaa80000, 0x00000007fc180000, 0x0000000800000000)
  eden space 264192K, 100% used [0x00000007eaa80000,0x00000007fac80000,0x00000007fac80000)
  from space 10752K, 99% used [0x00000007fb700000,0x00000007fc17d010,0x00000007fc180000)
  to   space 10752K, 0% used [0x00000007fac80000,0x00000007fac80000,0x00000007fb700000)
 ParOldGen       total 174592K, used 19507K [0x00000007c0000000, 0x00000007caa80000, 0x00000007eaa80000)
  object space 174592K, 11% used [0x00000007c0000000,0x00000007c130cc98,0x00000007caa80000)
 PSPermGen       total 39424K, used 38925K [0x00000007b0000000, 0x00000007b2680000, 0x00000007c0000000)
  object space 39424K, 98% used [0x00000007b0000000,0x00000007b2603748,0x00000007b2680000)
Event: 70.354 GC heap after
Heap after GC invocations=5 (full 0):
 PSYoungGen      total 274944K, used 10752K [0x00000007eaa80000, 0x0000000800000000, 0x0000000800000000)
  eden space 264192K, 0% used [0x00000007eaa80000,0x00000007eaa80000,0x00000007fac80000)
  from space 10752K, 100% used [0x00000007fac80000,0x00000007fb700000,0x00000007fb700000)
  to   space 31232K, 0% used [0x00000007fe180000,0x00000007fe180000,0x0000000800000000)
 ParOldGen       total 174592K, used 34481K [0x00000007c0000000, 0x00000007caa80000, 0x00000007eaa80000)
  object space 174592K, 19% used [0x00000007c0000000,0x00000007c21ac7e8,0x00000007caa80000)
 PSPermGen       total 39424K, used 38925K [0x00000007b0000000, 0x00000007b2680000, 0x00000007c0000000)
  object space 39424K, 98% used [0x00000007b0000000,0x00000007b2603748,0x00000007b2680000)
}
Event: 260.721 GC heap before
{Heap before GC invocations=6 (full 0):
 PSYoungGen      total 274944K, used 274944K [0x00000007eaa80000, 0x0000000800000000, 0x0000000800000000)
  eden space 264192K, 100% used [0x00000007eaa80000,0x00000007fac80000,0x00000007fac80000)
  from space 10752K, 100% used [0x00000007fac80000,0x00000007fb700000,0x00000007fb700000)
  to   space 31232K, 0% used [0x00000007fe180000,0x00000007fe180000,0x0000000800000000)
 ParOldGen       total 174592K, used 34481K [0x00000007c0000000, 0x00000007caa80000, 0x00000007eaa80000)
  object space 174592K, 19% used [0x00000007c0000000,0x00000007c21ac7e8,0x00000007caa80000)
 PSPermGen       total 39424K, used 39405K [0x00000007b0000000, 0x00000007b2680000, 0x00000007c0000000)
  object space 39424K, 99% used [0x00000007b0000000,0x00000007b267b690,0x00000007b2680000)
Event: 260.751 GC heap after
Heap after GC invocations=6 (full 0):
 PSYoungGen      total 270336K, used 16192K [0x00000007eaa80000, 0x00000007ff180000, 0x0000000800000000)
  eden space 253952K, 0% used [0x00000007eaa80000,0x00000007eaa80000,0x00000007fa280000)
  from space 16384K, 98% used [0x00000007fe180000,0x00000007ff150000,0x00000007ff180000)
  to   space 29184K, 0% used [0x00000007fb880000,0x00000007fb880000,0x00000007fd500000)
 ParOldGen       total 174592K, used 34481K [0x00000007c0000000, 0x00000007caa80000, 0x00000007eaa80000)
  object space 174592K, 19% used [0x00000007c0000000,0x00000007c21ac7e8,0x00000007caa80000)
 PSPermGen       total 39424K, used 39405K [0x00000007b0000000, 0x00000007b2680000, 0x00000007c0000000)
  object space 39424K, 99% used [0x00000007b0000000,0x00000007b267b690,0x00000007b2680000)
}

