# JRE version: OpenJDK Runtime Environment (7.0_181-b01) (build 1.7.0_181-b01)
# Java VM: OpenJDK 64-Bit Server VM (24.181-b01 mixed mode bsd-amd64 compressed oops)
Heap
 PSYoungGen      total 265728K, used 90462K [0x00000007eaa80000, 0x00000007fed00000, 0x0000000800000000)
  eden space 253952K, 31% used [0x00000007eaa80000,0x00000007ef762b30,0x00000007fa280000)
  from space 11776K, 99% used [0x00000007fe180000,0x00000007fecf5030,0x00000007fed00000)
  to   space 30208K, 0% used [0x00000007fb200000,0x00000007fb200000,0x00000007fcf80000)
 ParOldGen       total 174592K, used 34231K [0x00000007c0000000, 0x00000007caa80000, 0x00000007eaa80000)
  object space 174592K, 19% used [0x00000007c0000000,0x00000007c216dd70,0x00000007caa80000)
 PSPermGen       total 39936K, used 39567K [0x00000007b0000000, 0x00000007b2700000, 0x00000007c0000000)
  object space 39936K, 99% used [0x00000007b0000000,0x00000007b26a3c88,0x00000007b2700000)
GC Heap History (10 events):
Event: 1.771 GC heap before
{Heap before GC invocations=2 (full 0):
 PSYoungGen      total 76800K, used 73211K [0x00000007eaa80000, 0x00000007f4080000, 0x0000000800000000)
  eden space 66048K, 100% used [0x00000007eaa80000,0x00000007eeb00000,0x00000007eeb00000)
  from space 10752K, 66% used [0x00000007eeb00000,0x00000007ef1fef30,0x00000007ef580000)
  to   space 10752K, 0% used [0x00000007f3600000,0x00000007f3600000,0x00000007f4080000)
 ParOldGen       total 174592K, used 8K [0x00000007c0000000, 0x00000007caa80000, 0x00000007eaa80000)
  object space 174592K, 0% used [0x00000007c0000000,0x00000007c0002000,0x00000007caa80000)
 PSPermGen       total 21504K, used 20122K [0x00000007b0000000, 0x00000007b1500000, 0x00000007c0000000)
  object space 21504K, 93% used [0x00000007b0000000,0x00000007b13a69b0,0x00000007b1500000)
Event: 1.786 GC heap after
Heap after GC invocations=2 (full 0):
 PSYoungGen      total 142848K, used 10726K [0x00000007eaa80000, 0x00000007f4080000, 0x0000000800000000)
  eden space 132096K, 0% used [0x00000007eaa80000,0x00000007eaa80000,0x00000007f2b80000)
  from space 10752K, 99% used [0x00000007f3600000,0x00000007f4079860,0x00000007f4080000)
  to   space 10752K, 0% used [0x00000007f2b80000,0x00000007f2b80000,0x00000007f3600000)
 ParOldGen       total 174592K, used 1564K [0x00000007c0000000, 0x00000007caa80000, 0x00000007eaa80000)
  object space 174592K, 0% used [0x00000007c0000000,0x00000007c0187258,0x00000007caa80000)
 PSPermGen       total 21504K, used 20122K [0x00000007b0000000, 0x00000007b1500000, 0x00000007c0000000)
  object space 21504K, 93% used [0x00000007b0000000,0x00000007b13a69b0,0x00000007b1500000)
}
Event: 3.347 GC heap before
{Heap before GC invocations=3 (full 0):
 PSYoungGen      total 142848K, used 142822K [0x00000007eaa80000, 0x00000007f4080000, 0x0000000800000000)
  eden space 132096K, 100% used [0x00000007eaa80000,0x00000007f2b80000,0x00000007f2b80000)
  from space 10752K, 99% used [0x00000007f3600000,0x00000007f4079860,0x00000007f4080000)
  to   space 10752K, 0% used [0x00000007f2b80000,0x00000007f2b80000,0x00000007f3600000)
 ParOldGen       total 174592K, used 1564K [0x00000007c0000000, 0x00000007caa80000, 0x00000007eaa80000)
  object space 174592K, 0% used [0x00000007c0000000,0x00000007c0187258,0x00000007caa80000)
 PSPermGen       total 29184K, used 29097K [0x00000007b0000000, 0x00000007b1c80000, 0x00000007c0000000)
  object space 29184K, 99% used [0x00000007b0000000,0x00000007b1c6a5e8,0x00000007b1c80000)
Event: 3.370 GC heap after
Heap after GC invocations=3 (full 0):
 PSYoungGen      total 142848K, used 10720K [0x00000007eaa80000, 0x00000007fc180000, 0x0000000800000000)
  eden space 132096K, 0% used [0x00000007eaa80000,0x00000007eaa80000,0x00000007f2b80000)
  from space 10752K, 99% used [0x00000007f2b80000,0x00000007f35f8280,0x00000007f3600000)
  to   space 10752K, 0% used [0x00000007fb700000,0x00000007fb700000,0x00000007fc180000)
 ParOldGen       total 174592K, used 8970K [0x00000007c0000000, 0x00000007caa80000, 0x00000007eaa80000)
  object space 174592K, 5% used [0x00000007c0000000,0x00000007c08c2870,0x00000007caa80000)
 PSPermGen       total 29184K, used 29097K [0x00000007b0000000, 0x00000007b1c80000, 0x00000007c0000000)
  object space 29184K, 99% used [0x00000007b0000000,0x00000007b1c6a5e8,0x00000007b1c80000)
}
Event: 4.491 GC heap before
{Heap before GC invocations=4 (full 0):
 PSYoungGen      total 142848K, used 142816K [0x00000007eaa80000, 0x00000007fc180000, 0x0000000800000000)
  eden space 132096K, 100% used [0x00000007eaa80000,0x00000007f2b80000,0x00000007f2b80000)
  from space 10752K, 99% used [0x00000007f2b80000,0x00000007f35f8280,0x00000007f3600000)
  to   space 10752K, 0% used [0x00000007fb700000,0x00000007fb700000,0x00000007fc180000)
 ParOldGen       total 174592K, used 8970K [0x00000007c0000000, 0x00000007caa80000, 0x00000007eaa80000)
  object space 174592K, 5% used [0x00000007c0000000,0x00000007c08c2870,0x00000007caa80000)
 PSPermGen       total 33792K, used 33672K [0x00000007b0000000, 0x00000007b2100000, 0x00000007c0000000)
  object space 33792K, 99% used [0x00000007b0000000,0x00000007b20e2300,0x00000007b2100000)
Event: 4.512 GC heap after
Heap after GC invocations=4 (full 0):
 PSYoungGen      total 274944K, used 10740K [0x00000007eaa80000, 0x00000007fc180000, 0x0000000800000000)
  eden space 264192K, 0% used [0x00000007eaa80000,0x00000007eaa80000,0x00000007fac80000)
  from space 10752K, 99% used [0x00000007fb700000,0x00000007fc17d030,0x00000007fc180000)
  to   space 10752K, 0% used [0x00000007fac80000,0x00000007fac80000,0x00000007fb700000)
 ParOldGen       total 174592K, used 19419K [0x00000007c0000000, 0x00000007caa80000, 0x00000007eaa80000)
  object space 174592K, 11% used [0x00000007c0000000,0x00000007c12f6e40,0x00000007caa80000)
 PSPermGen       total 33792K, used 33672K [0x00000007b0000000, 0x00000007b2100000, 0x00000007c0000000)
  object space 33792K, 99% used [0x00000007b0000000,0x00000007b20e2300,0x00000007b2100000)
}
Event: 68.331 GC heap before
{Heap before GC invocations=5 (full 0):
 PSYoungGen      total 274944K, used 274932K [0x00000007eaa80000, 0x00000007fc180000, 0x0000000800000000)
  eden space 264192K, 100% used [0x00000007eaa80000,0x00000007fac80000,0x00000007fac80000)
  from space 10752K, 99% used [0x00000007fb700000,0x00000007fc17d030,0x00000007fc180000)
  to   space 10752K, 0% used [0x00000007fac80000,0x00000007fac80000,0x00000007fb700000)
 ParOldGen       total 174592K, used 19419K [0x00000007c0000000, 0x00000007caa80000, 0x00000007eaa80000)
  object space 174592K, 11% used [0x00000007c0000000,0x00000007c12f6e40,0x00000007caa80000)
 PSPermGen       total 38912K, used 38875K [0x00000007b0000000, 0x00000007b2600000, 0x00000007c0000000)
  object space 38912K, 99% used [0x00000007b0000000,0x00000007b25f6f08,0x00000007b2600000)
Event: 68.361 GC heap after
Heap after GC invocations=5 (full 0):
 PSYoungGen      total 274944K, used 10752K [0x00000007eaa80000, 0x0000000800000000, 0x0000000800000000)
  eden space 264192K, 0% used [0x00000007eaa80000,0x00000007eaa80000,0x00000007fac80000)
  from space 10752K, 100% used [0x00000007fac80000,0x00000007fb700000,0x00000007fb700000)
  to   space 31232K, 0% used [0x00000007fe180000,0x00000007fe180000,0x0000000800000000)
 ParOldGen       total 174592K, used 34231K [0x00000007c0000000, 0x00000007caa80000, 0x00000007eaa80000)
  object space 174592K, 19% used [0x00000007c0000000,0x00000007c216dd70,0x00000007caa80000)
 PSPermGen       total 38912K, used 38875K [0x00000007b0000000, 0x00000007b2600000, 0x00000007c0000000)
  object space 38912K, 99% used [0x00000007b0000000,0x00000007b25f6f08,0x00000007b2600000)
}
Event: 153.326 GC heap before
{Heap before GC invocations=6 (full 0):
 PSYoungGen      total 274944K, used 274944K [0x00000007eaa80000, 0x0000000800000000, 0x0000000800000000)
  eden space 264192K, 100% used [0x00000007eaa80000,0x00000007fac80000,0x00000007fac80000)
  from space 10752K, 100% used [0x00000007fac80000,0x00000007fb700000,0x00000007fb700000)
  to   space 31232K, 0% used [0x00000007fe180000,0x00000007fe180000,0x0000000800000000)
 ParOldGen       total 174592K, used 34231K [0x00000007c0000000, 0x00000007caa80000, 0x00000007eaa80000)
  object space 174592K, 19% used [0x00000007c0000000,0x00000007c216dd70,0x00000007caa80000)
 PSPermGen       total 39936K, used 39532K [0x00000007b0000000, 0x00000007b2700000, 0x00000007c0000000)
  object space 39936K, 98% used [0x00000007b0000000,0x00000007b269b218,0x00000007b2700000)
Event: 153.354 GC heap after
Heap after GC invocations=6 (full 0):
 PSYoungGen      total 265728K, used 11732K [0x00000007eaa80000, 0x00000007fed00000, 0x0000000800000000)
  eden space 253952K, 0% used [0x00000007eaa80000,0x00000007eaa80000,0x00000007fa280000)
  from space 11776K, 99% used [0x00000007fe180000,0x00000007fecf5030,0x00000007fed00000)
  to   space 30208K, 0% used [0x00000007fb200000,0x00000007fb200000,0x00000007fcf80000)
 ParOldGen       total 174592K, used 34231K [0x00000007c0000000, 0x00000007caa80000, 0x00000007eaa80000)
  object space 174592K, 19% used [0x00000007c0000000,0x00000007c216dd70,0x00000007caa80000)
 PSPermGen       total 39936K, used 39532K [0x00000007b0000000, 0x00000007b2700000, 0x00000007c0000000)
  object space 39936K, 98% used [0x00000007b0000000,0x00000007b269b218,0x00000007b2700000)
}

